<?xml version="1.0" encoding="UTF-8"?>
<robot generator="Robot 6.1.1 (Python 3.12.0 on win32)" generated="20231108 00:55:27.199" rpa="false" schemaversion="4">
<suite id="s1" name="Json" source="D:\Users\Public\Downloads\RobotFrameworkDemo\TestCases\json.robot">
<test id="s1-t1" name="Convert String Output to JSON" line="12">
<kw name="Set Variable" library="BuiltIn">
<var>${string_output}</var>
<arg>{"Name": "Robot Framework", "Test": "Automation", "City": ["City1", "City2", "City3"], "Number": {"Mobile": "5748574565", "Telephone": "2836576768"}}</arg>
<doc>Returns the given values which can then be assigned to a variables.</doc>
<msg timestamp="20231108 00:55:27.558" level="INFO">${string_output} = {"Name": "Robot Framework", "Test": "Automation", "City": ["City1", "City2", "City3"], "Number": {"Mobile": "5748574565", "Telephone": "2836576768"}}</msg>
<status status="PASS" starttime="20231108 00:55:27.558" endtime="20231108 00:55:27.558"/>
</kw>
<kw name="Evaluate" library="BuiltIn">
<var>${json_content}</var>
<arg>json.loads('''${string_output}''')</arg>
<arg>json</arg>
<doc>Evaluates the given expression in Python and returns the result.</doc>
<msg timestamp="20231108 00:55:27.558" level="INFO">${json_content} = {'Name': 'Robot Framework', 'Test': 'Automation', 'City': ['City1', 'City2', 'City3'], 'Number': {'Mobile': '5748574565', 'Telephone': '2836576768'}}</msg>
<status status="PASS" starttime="20231108 00:55:27.558" endtime="20231108 00:55:27.558"/>
</kw>
<kw name="Log To Console" library="BuiltIn">
<arg>${json_content}</arg>
<doc>Logs the given message to the console.</doc>
<status status="PASS" starttime="20231108 00:55:27.558" endtime="20231108 00:55:27.558"/>
</kw>
<status status="PASS" starttime="20231108 00:55:27.558" endtime="20231108 00:55:27.558"/>
</test>
<test id="s1-t2" name="Get Data Name From Json File" line="21">
<kw name="Load Json From File" library="JSONLibrary">
<var>${file}</var>
<arg>D:\\Users\\Public\\Downloads\\RobotFrameworkDemo\\TestCases${/}jsonFile.json</arg>
<doc>Load JSON from file.</doc>
<msg timestamp="20231108 00:55:27.558" level="INFO">${file} = {'Name': 'Robot Framework', 'Test': 'Automation', 'City': ['City1', 'City2', 'City3'], 'Number': {'Mobile': '5748574565', 'Telephone': '2836576768'}}</msg>
<status status="PASS" starttime="20231108 00:55:27.558" endtime="20231108 00:55:27.558"/>
</kw>
<kw name="Get Value From Json" library="JSONLibrary">
<var>${json_name}</var>
<arg>${file}</arg>
<arg>$.Name</arg>
<doc>Get Value From JSON using JSONPath</doc>
<msg timestamp="20231108 00:55:27.605" level="INFO">${json_name} = ['Robot Framework']</msg>
<status status="PASS" starttime="20231108 00:55:27.558" endtime="20231108 00:55:27.605"/>
</kw>
<kw name="Log To Console" library="BuiltIn">
<arg>Value name is ${json_name[0]}</arg>
<doc>Logs the given message to the console.</doc>
<status status="PASS" starttime="20231108 00:55:27.605" endtime="20231108 00:55:27.605"/>
</kw>
<kw name="Get Value From Json" library="JSONLibrary">
<var>${json_test}</var>
<arg>${file}</arg>
<arg>$.Test</arg>
<doc>Get Value From JSON using JSONPath</doc>
<msg timestamp="20231108 00:55:27.636" level="INFO">${json_test} = ['Automation']</msg>
<status status="PASS" starttime="20231108 00:55:27.605" endtime="20231108 00:55:27.636"/>
</kw>
<kw name="Log To Console" library="BuiltIn">
<arg>Value test is ${json_test[0]}</arg>
<doc>Logs the given message to the console.</doc>
<status status="PASS" starttime="20231108 00:55:27.652" endtime="20231108 00:55:27.652"/>
</kw>
<kw name="Get Value From Json" library="JSONLibrary">
<var>${json_city}</var>
<arg>${file}</arg>
<arg>$.City</arg>
<doc>Get Value From JSON using JSONPath</doc>
<msg timestamp="20231108 00:55:27.683" level="INFO">${json_city} = [['City1', 'City2', 'City3']]</msg>
<status status="PASS" starttime="20231108 00:55:27.652" endtime="20231108 00:55:27.683"/>
</kw>
<kw name="Log To Console" library="BuiltIn">
<arg>Value cities is ${json_city[0]}</arg>
<doc>Logs the given message to the console.</doc>
<status status="PASS" starttime="20231108 00:55:27.683" endtime="20231108 00:55:27.683"/>
</kw>
<kw name="Get Value From Json" library="JSONLibrary">
<var>${json_city}</var>
<arg>${file}</arg>
<arg>$.City[0]</arg>
<doc>Get Value From JSON using JSONPath</doc>
<msg timestamp="20231108 00:55:27.715" level="INFO">${json_city} = ['City1']</msg>
<status status="PASS" starttime="20231108 00:55:27.683" endtime="20231108 00:55:27.715"/>
</kw>
<kw name="Log To Console" library="BuiltIn">
<arg>Value cities is ${json_city[0]}</arg>
<doc>Logs the given message to the console.</doc>
<status status="PASS" starttime="20231108 00:55:27.715" endtime="20231108 00:55:27.715"/>
</kw>
<kw name="Should Be Equal As Strings" library="BuiltIn">
<arg>${json_city[0]}</arg>
<arg>City1</arg>
<doc>Fails if objects are unequal after converting them to strings.</doc>
<status status="PASS" starttime="20231108 00:55:27.715" endtime="20231108 00:55:27.715"/>
</kw>
<kw name="Get Value From Json" library="JSONLibrary">
<var>${json_number}</var>
<arg>${file}</arg>
<arg>$.Number</arg>
<doc>Get Value From JSON using JSONPath</doc>
<msg timestamp="20231108 00:55:27.746" level="INFO">${json_number} = [{'Mobile': '5748574565', 'Telephone': '2836576768'}]</msg>
<status status="PASS" starttime="20231108 00:55:27.715" endtime="20231108 00:55:27.746"/>
</kw>
<kw name="Log To Console" library="BuiltIn">
<arg>get all Numbers ${json_number[0]}</arg>
<doc>Logs the given message to the console.</doc>
<status status="PASS" starttime="20231108 00:55:27.746" endtime="20231108 00:55:27.746"/>
</kw>
<kw name="Get Value From Json" library="JSONLibrary">
<var>${json_mobile}</var>
<arg>${file}</arg>
<arg>$.Number.Mobile</arg>
<doc>Get Value From JSON using JSONPath</doc>
<msg timestamp="20231108 00:55:27.777" level="INFO">${json_mobile} = ['5748574565']</msg>
<status status="PASS" starttime="20231108 00:55:27.746" endtime="20231108 00:55:27.777"/>
</kw>
<kw name="Log To Console" library="BuiltIn">
<arg>Mobile only ${json_mobile[0]}</arg>
<doc>Logs the given message to the console.</doc>
<status status="PASS" starttime="20231108 00:55:27.777" endtime="20231108 00:55:27.777"/>
</kw>
<kw name="Should Be Equal" library="BuiltIn">
<arg>${json_mobile[0]}</arg>
<arg>5748574565</arg>
<doc>Fails if the given objects are unequal.</doc>
<status status="PASS" starttime="20231108 00:55:27.777" endtime="20231108 00:55:27.777"/>
</kw>
<kw name="Get Value From Json" library="JSONLibrary">
<var>${json_tel}</var>
<arg>${file}</arg>
<arg>$.Number.Telephone</arg>
<doc>Get Value From JSON using JSONPath</doc>
<msg timestamp="20231108 00:55:27.808" level="INFO">${json_tel} = ['2836576768']</msg>
<status status="PASS" starttime="20231108 00:55:27.777" endtime="20231108 00:55:27.808"/>
</kw>
<kw name="Log To Console" library="BuiltIn">
<arg>Telephone only ${json_tel[0]}</arg>
<doc>Logs the given message to the console.</doc>
<status status="PASS" starttime="20231108 00:55:27.808" endtime="20231108 00:55:27.808"/>
</kw>
<kw name="Should Be Equal" library="BuiltIn">
<arg>${json_tel[0]}</arg>
<arg>2836576768</arg>
<doc>Fails if the given objects are unequal.</doc>
<status status="PASS" starttime="20231108 00:55:27.808" endtime="20231108 00:55:27.808"/>
</kw>
<status status="PASS" starttime="20231108 00:55:27.558" endtime="20231108 00:55:27.808"/>
</test>
<doc>Read Data From JSON file using Robot Framework
Library Documenation : https://robotframework-thailand.github.io/robotframework-jsonlibrary/JSONLibrary.html</doc>
<status status="PASS" starttime="20231108 00:55:27.214" endtime="20231108 00:55:27.808"/>
</suite>
<statistics>
<total>
<stat pass="2" fail="0" skip="0">All Tests</stat>
</total>
<tag>
</tag>
<suite>
<stat pass="2" fail="0" skip="0" id="s1" name="Json">Json</stat>
</suite>
</statistics>
<errors>
</errors>
</robot>
